2020/04/03 17:58:41 [error] [php] Undefined variable: model (/opt/lampp/htdocs/molti/perisai/protected/views/site/login.php:28)
Stack trace:
#0 /opt/lampp/htdocs/molti/perisai/perisai-fw/framework/web/CController.php(872): SiteController->renderFile()
#1 /opt/lampp/htdocs/molti/perisai/perisai-fw/framework/web/CController.php(785): SiteController->renderPartial()
#2 /opt/lampp/htdocs/molti/perisai/protected/controllers/SiteController.php(32): SiteController->render()
#3 /opt/lampp/htdocs/molti/perisai/perisai-fw/framework/web/actions/CInlineAction.php(49): SiteController->actionIndex()
#4 /opt/lampp/htdocs/molti/perisai/perisai-fw/framework/web/CController.php(308): CInlineAction->runWithParams()
#5 /opt/lampp/htdocs/molti/perisai/perisai-fw/framework/web/CController.php(286): SiteController->runAction()
#6 /opt/lampp/htdocs/molti/perisai/perisai-fw/framework/web/CController.php(265): SiteController->runActionWithFilters()
#7 /opt/lampp/htdocs/molti/perisai/perisai-fw/framework/web/CWebApplication.php(282): SiteController->run()
#8 /opt/lampp/htdocs/molti/perisai/perisai-fw/framework/web/CWebApplication.php(141): CWebApplication->runController()
#9 /opt/lampp/htdocs/molti/perisai/perisai-fw/framework/base/CApplication.php(185): CWebApplication->processRequest()
#10 /opt/lampp/htdocs/molti/perisai/index.php(13): CWebApplication->run()
REQUEST_URI=/molti/perisai/index.php
in /opt/lampp/htdocs/molti/perisai/protected/views/site/login.php (28)
in /opt/lampp/htdocs/molti/perisai/protected/controllers/SiteController.php (32)
in /opt/lampp/htdocs/molti/perisai/index.php (13)
2020/04/03 19:01:00 [error] [exception.CHttpException.404] CHttpException: The system is unable to find the requested action "revenge". in /opt/lampp/htdocs/molti/perisai/perisai-fw/framework/web/CController.php:486
Stack trace:
#0 /opt/lampp/htdocs/molti/perisai/perisai-fw/framework/web/CController.php(270): CController->missingAction('revenge')
#1 /opt/lampp/htdocs/molti/perisai/perisai-fw/framework/web/CWebApplication.php(282): CController->run('revenge')
#2 /opt/lampp/htdocs/molti/perisai/perisai-fw/framework/web/CWebApplication.php(141): CWebApplication->runController('site/revenge')
#3 /opt/lampp/htdocs/molti/perisai/perisai-fw/framework/base/CApplication.php(185): CWebApplication->processRequest()
#4 /opt/lampp/htdocs/molti/perisai/index.php(13): CApplication->run()
#5 {main}
REQUEST_URI=/molti/perisai/index.php?r=site/revenge
---
2020/04/04 20:02:28 [error] [exception.CHttpException.404] CHttpException: The system is unable to find the requested action "dashboard". in /opt/lampp/htdocs/molti/perisai/perisai-fw/framework/web/CController.php:486
Stack trace:
#0 /opt/lampp/htdocs/molti/perisai/perisai-fw/framework/web/CController.php(270): CController->missingAction('dashboard')
#1 /opt/lampp/htdocs/molti/perisai/perisai-fw/framework/web/CWebApplication.php(282): CController->run('dashboard')
#2 /opt/lampp/htdocs/molti/perisai/perisai-fw/framework/web/CWebApplication.php(141): CWebApplication->runController('site/dashboard')
#3 /opt/lampp/htdocs/molti/perisai/perisai-fw/framework/base/CApplication.php(185): CWebApplication->processRequest()
#4 /opt/lampp/htdocs/molti/perisai/index.php(13): CApplication->run()
#5 {main}
REQUEST_URI=/molti/perisai/index.php?r=site/dashboard
---
2020/04/04 20:03:37 [error] [php] strpos() expects parameter 1 to be string, array given (/opt/lampp/htdocs/molti/perisai/perisai-fw/framework/web/CController.php:709)
Stack trace:
#0 /opt/lampp/htdocs/molti/perisai/perisai-fw/framework/web/CController.php(589): CTheme->getViewFile()
#1 /opt/lampp/htdocs/molti/perisai/perisai-fw/framework/web/CController.php(870): SiteController->getViewFile()
#2 /opt/lampp/htdocs/molti/perisai/perisai-fw/framework/web/CController.php(785): SiteController->renderPartial()
#3 /opt/lampp/htdocs/molti/perisai/protected/controllers/SiteController.php(71): SiteController->render()
#4 /opt/lampp/htdocs/molti/perisai/perisai-fw/framework/web/actions/CInlineAction.php(49): SiteController->actionDashboard()
#5 /opt/lampp/htdocs/molti/perisai/perisai-fw/framework/web/CController.php(308): CInlineAction->runWithParams()
#6 /opt/lampp/htdocs/molti/perisai/perisai-fw/framework/web/filters/CFilterChain.php(134): SiteController->runAction()
#7 /opt/lampp/htdocs/molti/perisai/perisai-fw/framework/web/filters/CFilter.php(40): CFilterChain->run()
#8 /opt/lampp/htdocs/molti/perisai/perisai-fw/framework/web/CController.php(1148): CAccessControlFilter->filter()
#9 /opt/lampp/htdocs/molti/perisai/perisai-fw/framework/web/filters/CInlineFilter.php(58): SiteController->filterAccessControl()
#10 /opt/lampp/htdocs/molti/perisai/perisai-fw/framework/web/filters/CFilterChain.php(131): CInlineFilter->filter()
#11 /opt/lampp/htdocs/molti/perisai/perisai-fw/framework/web/CController.php(291): CFilterChain->run()
#12 /opt/lampp/htdocs/molti/perisai/perisai-fw/framework/web/CController.php(265): SiteController->runActionWithFilters()
#13 /opt/lampp/htdocs/molti/perisai/perisai-fw/framework/web/CWebApplication.php(282): SiteController->run()
#14 /opt/lampp/htdocs/molti/perisai/perisai-fw/framework/web/CWebApplication.php(141): CWebApplication->runController()
#15 /opt/lampp/htdocs/molti/perisai/perisai-fw/framework/base/CApplication.php(185): CWebApplication->processRequest()
#16 /opt/lampp/htdocs/molti/perisai/index.php(13): CWebApplication->run()
REQUEST_URI=/molti/perisai/index.php?r=site/dashboard
in /opt/lampp/htdocs/molti/perisai/protected/controllers/SiteController.php (71)
in /opt/lampp/htdocs/molti/perisai/index.php (13)
2020/04/04 21:21:56 [error] [exception.CHttpException.403] CHttpException: You are not authorized to perform this action. in /opt/lampp/htdocs/molti/perisai/perisai-fw/framework/web/auth/CAccessControlFilter.php:183
Stack trace:
#0 /opt/lampp/htdocs/molti/perisai/perisai-fw/framework/web/auth/CAccessControlFilter.php(145): CAccessControlFilter->accessDenied(Object(CWebUser), 'You are not aut...')
#1 /opt/lampp/htdocs/molti/perisai/perisai-fw/framework/web/filters/CFilter.php(38): CAccessControlFilter->preFilter(Object(CFilterChain))
#2 /opt/lampp/htdocs/molti/perisai/perisai-fw/framework/web/CController.php(1148): CFilter->filter(Object(CFilterChain))
#3 /opt/lampp/htdocs/molti/perisai/perisai-fw/framework/web/filters/CInlineFilter.php(58): CController->filterAccessControl(Object(CFilterChain))
#4 /opt/lampp/htdocs/molti/perisai/perisai-fw/framework/web/filters/CFilterChain.php(131): CInlineFilter->filter(Object(CFilterChain))
#5 /opt/lampp/htdocs/molti/perisai/perisai-fw/framework/web/CController.php(291): CFilterChain->run()
#6 /opt/lampp/htdocs/molti/perisai/perisai-fw/framework/web/CController.php(265): CController->runActionWithFilters(Object(CInlineAction), Array)
#7 /opt/lampp/htdocs/molti/perisai/perisai-fw/framework/web/CWebApplication.php(282): CController->run('logout')
#8 /opt/lampp/htdocs/molti/perisai/perisai-fw/framework/web/CWebApplication.php(141): CWebApplication->runController('site/logout')
#9 /opt/lampp/htdocs/molti/perisai/perisai-fw/framework/base/CApplication.php(185): CWebApplication->processRequest()
#10 /opt/lampp/htdocs/molti/perisai/index.php(13): CApplication->run()
#11 {main}
REQUEST_URI=/molti/perisai/index.php?r=site/logout
HTTP_REFERER=http://localhost:8080/molti/perisai/index.php?r=site/dashboard
---
